find_header: checking for float.h... -------------------- yes

"cc -o conftest -I/Users/jtropper/.rbenv/versions/2.1.0/include/ruby-2.1.0/x86_64-darwin14.0 -I/Users/jtropper/.rbenv/versions/2.1.0/include/ruby-2.1.0/ruby/backward -I/Users/jtropper/.rbenv/versions/2.1.0/include/ruby-2.1.0 -I. -I/Users/jtropper/.rbenv/versions/2.1.0/include  -D_XOPEN_SOURCE -D_DARWIN_C_SOURCE -D_DARWIN_UNLIMITED_SELECT -D_REENTRANT    -O3 -Wno-error=shorten-64-to-32  -pipe conftest.c  -L. -L/Users/jtropper/.rbenv/versions/2.1.0/lib -L. -L/Users/jtropper/.rbenv/versions/2.1.0/lib  -fstack-protector     -lruby-static -framework CoreFoundation  -lpthread -ldl -lobjc "
checked program was:
/* begin */
1: #include "ruby.h"
2: 
3: int main(int argc, char **argv)
4: {
5:   return 0;
6: }
/* end */

"cc -E -I/Users/jtropper/.rbenv/versions/2.1.0/include/ruby-2.1.0/x86_64-darwin14.0 -I/Users/jtropper/.rbenv/versions/2.1.0/include/ruby-2.1.0/ruby/backward -I/Users/jtropper/.rbenv/versions/2.1.0/include/ruby-2.1.0 -I. -I/Users/jtropper/.rbenv/versions/2.1.0/include  -D_XOPEN_SOURCE -D_DARWIN_C_SOURCE -D_DARWIN_UNLIMITED_SELECT -D_REENTRANT    -O3 -Wno-error=shorten-64-to-32  -pipe  conftest.c -o conftest.i"
checked program was:
/* begin */
1: #include "ruby.h"
2: 
3: #include <float.h>
/* end */

--------------------

find_header: checking for ruby.h... -------------------- yes

"cc -E -I/Users/jtropper/.rbenv/versions/2.1.0/include/ruby-2.1.0/x86_64-darwin14.0 -I/Users/jtropper/.rbenv/versions/2.1.0/include/ruby-2.1.0/ruby/backward -I/Users/jtropper/.rbenv/versions/2.1.0/include/ruby-2.1.0 -I. -I/Users/jtropper/.rbenv/versions/2.1.0/include  -D_XOPEN_SOURCE -D_DARWIN_C_SOURCE -D_DARWIN_UNLIMITED_SELECT -D_REENTRANT    -O3 -Wno-error=shorten-64-to-32  -pipe  conftest.c -o conftest.i"
checked program was:
/* begin */
1: #include "ruby.h"
2: 
3: #include <ruby.h>
/* end */

--------------------

find_header: checking for stdlib.h... -------------------- yes

"cc -E -I/Users/jtropper/.rbenv/versions/2.1.0/include/ruby-2.1.0/x86_64-darwin14.0 -I/Users/jtropper/.rbenv/versions/2.1.0/include/ruby-2.1.0/ruby/backward -I/Users/jtropper/.rbenv/versions/2.1.0/include/ruby-2.1.0 -I. -I/Users/jtropper/.rbenv/versions/2.1.0/include  -D_XOPEN_SOURCE -D_DARWIN_C_SOURCE -D_DARWIN_UNLIMITED_SELECT -D_REENTRANT    -O3 -Wno-error=shorten-64-to-32  -pipe  conftest.c -o conftest.i"
checked program was:
/* begin */
1: #include "ruby.h"
2: 
3: #include <stdlib.h>
/* end */

--------------------

find_header: checking for string.h... -------------------- yes

"cc -E -I/Users/jtropper/.rbenv/versions/2.1.0/include/ruby-2.1.0/x86_64-darwin14.0 -I/Users/jtropper/.rbenv/versions/2.1.0/include/ruby-2.1.0/ruby/backward -I/Users/jtropper/.rbenv/versions/2.1.0/include/ruby-2.1.0 -I. -I/Users/jtropper/.rbenv/versions/2.1.0/include  -D_XOPEN_SOURCE -D_DARWIN_C_SOURCE -D_DARWIN_UNLIMITED_SELECT -D_REENTRANT    -O3 -Wno-error=shorten-64-to-32  -pipe  conftest.c -o conftest.i"
checked program was:
/* begin */
1: #include "ruby.h"
2: 
3: #include <string.h>
/* end */

--------------------

have_header: checking for fcntl.h... -------------------- yes

"cc -E -I/Users/jtropper/.rbenv/versions/2.1.0/include/ruby-2.1.0/x86_64-darwin14.0 -I/Users/jtropper/.rbenv/versions/2.1.0/include/ruby-2.1.0/ruby/backward -I/Users/jtropper/.rbenv/versions/2.1.0/include/ruby-2.1.0 -I. -I/Users/jtropper/.rbenv/versions/2.1.0/include  -D_XOPEN_SOURCE -D_DARWIN_C_SOURCE -D_DARWIN_UNLIMITED_SELECT -D_REENTRANT    -O3 -Wno-error=shorten-64-to-32  -pipe  conftest.c -o conftest.i"
checked program was:
/* begin */
1: #include "ruby.h"
2: 
3: #include <fcntl.h>
/* end */

--------------------

have_header: checking for stdint.h... -------------------- yes

"cc -E -I/Users/jtropper/.rbenv/versions/2.1.0/include/ruby-2.1.0/x86_64-darwin14.0 -I/Users/jtropper/.rbenv/versions/2.1.0/include/ruby-2.1.0/ruby/backward -I/Users/jtropper/.rbenv/versions/2.1.0/include/ruby-2.1.0 -I. -I/Users/jtropper/.rbenv/versions/2.1.0/include  -D_XOPEN_SOURCE -D_DARWIN_C_SOURCE -D_DARWIN_UNLIMITED_SELECT -D_REENTRANT    -O3 -Wno-error=shorten-64-to-32  -pipe  conftest.c -o conftest.i"
checked program was:
/* begin */
1: #include "ruby.h"
2: 
3: #include <stdint.h>
/* end */

--------------------

have_header: checking for sys/errno.h... -------------------- yes

"cc -E -I/Users/jtropper/.rbenv/versions/2.1.0/include/ruby-2.1.0/x86_64-darwin14.0 -I/Users/jtropper/.rbenv/versions/2.1.0/include/ruby-2.1.0/ruby/backward -I/Users/jtropper/.rbenv/versions/2.1.0/include/ruby-2.1.0 -I. -I/Users/jtropper/.rbenv/versions/2.1.0/include  -D_XOPEN_SOURCE -D_DARWIN_C_SOURCE -D_DARWIN_UNLIMITED_SELECT -D_REENTRANT    -O3 -Wno-error=shorten-64-to-32  -pipe  conftest.c -o conftest.i"
checked program was:
/* begin */
1: #include "ruby.h"
2: 
3: #include <sys/errno.h>
/* end */

--------------------

have_header: checking for sys/socket.h... -------------------- yes

"cc -E -I/Users/jtropper/.rbenv/versions/2.1.0/include/ruby-2.1.0/x86_64-darwin14.0 -I/Users/jtropper/.rbenv/versions/2.1.0/include/ruby-2.1.0/ruby/backward -I/Users/jtropper/.rbenv/versions/2.1.0/include/ruby-2.1.0 -I. -I/Users/jtropper/.rbenv/versions/2.1.0/include  -D_XOPEN_SOURCE -D_DARWIN_C_SOURCE -D_DARWIN_UNLIMITED_SELECT -D_REENTRANT    -O3 -Wno-error=shorten-64-to-32  -pipe  conftest.c -o conftest.i"
checked program was:
/* begin */
1: #include "ruby.h"
2: 
3: #include <sys/socket.h>
/* end */

--------------------

have_header: checking for ruby/st.h... -------------------- yes

"cc -E -I/Users/jtropper/.rbenv/versions/2.1.0/include/ruby-2.1.0/x86_64-darwin14.0 -I/Users/jtropper/.rbenv/versions/2.1.0/include/ruby-2.1.0/ruby/backward -I/Users/jtropper/.rbenv/versions/2.1.0/include/ruby-2.1.0 -I. -I/Users/jtropper/.rbenv/versions/2.1.0/include  -D_XOPEN_SOURCE -D_DARWIN_C_SOURCE -D_DARWIN_UNLIMITED_SELECT -D_REENTRANT    -O3 -Wno-error=shorten-64-to-32  -pipe  conftest.c -o conftest.i"
checked program was:
/* begin */
1: #include "ruby.h"
2: 
3: #include <ruby/st.h>
/* end */

--------------------

have_header: checking for st.h... -------------------- yes

"cc -E -I/Users/jtropper/.rbenv/versions/2.1.0/include/ruby-2.1.0/x86_64-darwin14.0 -I/Users/jtropper/.rbenv/versions/2.1.0/include/ruby-2.1.0/ruby/backward -I/Users/jtropper/.rbenv/versions/2.1.0/include/ruby-2.1.0 -I. -I/Users/jtropper/.rbenv/versions/2.1.0/include  -D_XOPEN_SOURCE -D_DARWIN_C_SOURCE -D_DARWIN_UNLIMITED_SELECT -D_REENTRANT    -O3 -Wno-error=shorten-64-to-32  -pipe  conftest.c -o conftest.i"
In file included from conftest.c:3:
/Users/jtropper/.rbenv/versions/2.1.0/include/ruby-2.1.0/ruby/backward/st.h:2:2: warning: use "ruby/st.h" instead of bare "st.h" [-W#warnings]
#warning use "ruby/st.h" instead of bare "st.h"
 ^
1 warning generated.
checked program was:
/* begin */
1: #include "ruby.h"
2: 
3: #include <st.h>
/* end */

--------------------

have_library: checking for pthread_create() in -lpthread... -------------------- yes

"cc -o conftest -I/Users/jtropper/.rbenv/versions/2.1.0/include/ruby-2.1.0/x86_64-darwin14.0 -I/Users/jtropper/.rbenv/versions/2.1.0/include/ruby-2.1.0/ruby/backward -I/Users/jtropper/.rbenv/versions/2.1.0/include/ruby-2.1.0 -I. -I/Users/jtropper/.rbenv/versions/2.1.0/include  -D_XOPEN_SOURCE -D_DARWIN_C_SOURCE -D_DARWIN_UNLIMITED_SELECT -D_REENTRANT    -O3 -Wno-error=shorten-64-to-32  -pipe conftest.c  -L. -L/Users/jtropper/.rbenv/versions/2.1.0/lib -L. -L/Users/jtropper/.rbenv/versions/2.1.0/lib  -fstack-protector     -lruby-static -framework CoreFoundation -lpthread  -lpthread -ldl -lobjc "
conftest.c:13:57: error: use of undeclared identifier 'pthread_create'
int t(void) { void ((*volatile p)()); p = (void ((*)()))pthread_create; return 0; }
                                                        ^
1 error generated.
checked program was:
/* begin */
 1: #include "ruby.h"
 2: 
 3: /*top*/
 4: extern int t(void);
 5: int main(int argc, char **argv)
 6: {
 7:   if (argc > 1000000) {
 8:     printf("%p", &t);
 9:   }
10: 
11:   return 0;
12: }
13: int t(void) { void ((*volatile p)()); p = (void ((*)()))pthread_create; return 0; }
/* end */

"cc -o conftest -I/Users/jtropper/.rbenv/versions/2.1.0/include/ruby-2.1.0/x86_64-darwin14.0 -I/Users/jtropper/.rbenv/versions/2.1.0/include/ruby-2.1.0/ruby/backward -I/Users/jtropper/.rbenv/versions/2.1.0/include/ruby-2.1.0 -I. -I/Users/jtropper/.rbenv/versions/2.1.0/include  -D_XOPEN_SOURCE -D_DARWIN_C_SOURCE -D_DARWIN_UNLIMITED_SELECT -D_REENTRANT    -O3 -Wno-error=shorten-64-to-32  -pipe conftest.c  -L. -L/Users/jtropper/.rbenv/versions/2.1.0/lib -L. -L/Users/jtropper/.rbenv/versions/2.1.0/lib  -fstack-protector     -lruby-static -framework CoreFoundation -lpthread  -lpthread -ldl -lobjc "
conftest.c:13:15: warning: implicit declaration of function 'pthread_create' is invalid in C99 [-Wimplicit-function-declaration]
int t(void) { pthread_create(); return 0; }
              ^
1 warning generated.
checked program was:
/* begin */
 1: #include "ruby.h"
 2: 
 3: /*top*/
 4: extern int t(void);
 5: int main(int argc, char **argv)
 6: {
 7:   if (argc > 1000000) {
 8:     printf("%p", &t);
 9:   }
10: 
11:   return 0;
12: }
13: int t(void) { pthread_create(); return 0; }
/* end */

--------------------

